[ 2015-10-23T08:58:57+08:00 ] 127.0.0.1 /my/thinkphp/index.php/Admin/Menu/index
INFO: [ app_begin ] --START--
INFO: Run Behavior\ReadHtmlCacheBehavior [ RunTime:0.002000s ]
INFO: [ app_begin ] --END-- [ RunTime:0.002000s ]
INFO: [ view_parse ] --START--
INFO: [ template_filter ] --START--
INFO: Run Behavior\ContentReplaceBehavior [ RunTime:0.000000s ]
INFO: [ template_filter ] --END-- [ RunTime:0.000000s ]
INFO: Run Behavior\ParseTemplateBehavior [ RunTime:0.008001s ]
INFO: [ view_parse ] --END-- [ RunTime:0.009001s ]
INFO: [ view_filter ] --START--
INFO: Run Behavior\WriteHtmlCacheBehavior [ RunTime:0.000000s ]
INFO: [ view_filter ] --END-- [ RunTime:0.000000s ]
INFO: [ app_end ] --START--
INFO: Run Behavior\ShowPageTraceBehavior [ RunTime:0.000000s ]
INFO: [ app_end ] --END-- [ RunTime:0.000000s ]

[ 2015-10-23T08:58:59+08:00 ] 127.0.0.1 /my/thinkphp/index.php/Admin/Menu/add
INFO: [ app_begin ] --START--
INFO: Run Behavior\ReadHtmlCacheBehavior [ RunTime:0.001000s ]
INFO: [ app_begin ] --END-- [ RunTime:0.001000s ]
SQL: SHOW COLUMNS FROM `kxw_menu` [ RunTime:0.0740s ]
SQL: SELECT * FROM `kxw_menu` ORDER BY concat(path,id)  [ RunTime:0.0230s ]
INFO: [ view_parse ] --START--
INFO: [ template_filter ] --START--
INFO: Run Behavior\ContentReplaceBehavior [ RunTime:0.000000s ]
INFO: [ template_filter ] --END-- [ RunTime:0.000000s ]
NOTIC: [8] Undefined variable: pid D:\wamp\www\my\Thinkphp\Application\Runtime\Cache\Admin\31553d7bb41170a30982ff9dddd5d67e.php 第 9 行.
NOTIC: [8] Undefined variable: pid D:\wamp\www\my\Thinkphp\Application\Runtime\Cache\Admin\31553d7bb41170a30982ff9dddd5d67e.php 第 9 行.
NOTIC: [8] Undefined variable: pid D:\wamp\www\my\Thinkphp\Application\Runtime\Cache\Admin\31553d7bb41170a30982ff9dddd5d67e.php 第 9 行.
NOTIC: [8] Undefined variable: pid D:\wamp\www\my\Thinkphp\Application\Runtime\Cache\Admin\31553d7bb41170a30982ff9dddd5d67e.php 第 9 行.
NOTIC: [8] Undefined variable: pid D:\wamp\www\my\Thinkphp\Application\Runtime\Cache\Admin\31553d7bb41170a30982ff9dddd5d67e.php 第 9 行.
INFO: Run Behavior\ParseTemplateBehavior [ RunTime:0.025002s ]
INFO: [ view_parse ] --END-- [ RunTime:0.025002s ]
INFO: [ view_filter ] --START--
INFO: Run Behavior\WriteHtmlCacheBehavior [ RunTime:0.001000s ]
INFO: [ view_filter ] --END-- [ RunTime:0.001000s ]
INFO: [ app_end ] --START--
INFO: Run Behavior\ShowPageTraceBehavior [ RunTime:0.002000s ]
INFO: [ app_end ] --END-- [ RunTime:0.002000s ]

[ 2015-10-23T09:21:46+08:00 ] 127.0.0.1 /my/thinkphp/index.php/Admin/Menu/add
INFO: [ app_begin ] --START--
INFO: Run Behavior\ReadHtmlCacheBehavior [ RunTime:0.001000s ]
INFO: [ app_begin ] --END-- [ RunTime:0.001000s ]
SQL: SHOW COLUMNS FROM `kxw_menu` [ RunTime:0.0020s ]
SQL: SELECT * FROM `kxw_menu` ORDER BY concat(path,id)  [ RunTime:0.0000s ]
INFO: [ view_parse ] --START--
INFO: [ template_filter ] --START--
INFO: Run Behavior\ContentReplaceBehavior [ RunTime:0.000000s ]
INFO: [ template_filter ] --END-- [ RunTime:0.000000s ]
NOTIC: [8] Undefined variable: pid D:\wamp\www\my\Thinkphp\Application\Runtime\Cache\Admin\31553d7bb41170a30982ff9dddd5d67e.php 第 9 行.
NOTIC: [8] Undefined variable: pid D:\wamp\www\my\Thinkphp\Application\Runtime\Cache\Admin\31553d7bb41170a30982ff9dddd5d67e.php 第 9 行.
NOTIC: [8] Undefined variable: pid D:\wamp\www\my\Thinkphp\Application\Runtime\Cache\Admin\31553d7bb41170a30982ff9dddd5d67e.php 第 9 行.
NOTIC: [8] Undefined variable: pid D:\wamp\www\my\Thinkphp\Application\Runtime\Cache\Admin\31553d7bb41170a30982ff9dddd5d67e.php 第 9 行.
NOTIC: [8] Undefined variable: pid D:\wamp\www\my\Thinkphp\Application\Runtime\Cache\Admin\31553d7bb41170a30982ff9dddd5d67e.php 第 9 行.
INFO: Run Behavior\ParseTemplateBehavior [ RunTime:0.009000s ]
INFO: [ view_parse ] --END-- [ RunTime:0.009000s ]
INFO: [ view_filter ] --START--
INFO: Run Behavior\WriteHtmlCacheBehavior [ RunTime:0.000000s ]
INFO: [ view_filter ] --END-- [ RunTime:0.000000s ]
INFO: [ app_end ] --START--
INFO: Run Behavior\ShowPageTraceBehavior [ RunTime:0.000000s ]
INFO: [ app_end ] --END-- [ RunTime:0.001000s ]

[ 2015-10-23T09:21:49+08:00 ] 127.0.0.1 /my/thinkphp/index.php/Admin/Menu/index
INFO: [ app_begin ] --START--
INFO: Run Behavior\ReadHtmlCacheBehavior [ RunTime:0.001000s ]
INFO: [ app_begin ] --END-- [ RunTime:0.001000s ]
INFO: [ view_parse ] --START--
INFO: [ template_filter ] --START--
INFO: Run Behavior\ContentReplaceBehavior [ RunTime:0.000000s ]
INFO: [ template_filter ] --END-- [ RunTime:0.000000s ]
INFO: Run Behavior\ParseTemplateBehavior [ RunTime:0.007000s ]
INFO: [ view_parse ] --END-- [ RunTime:0.007000s ]
INFO: [ view_filter ] --START--
INFO: Run Behavior\WriteHtmlCacheBehavior [ RunTime:0.000000s ]
INFO: [ view_filter ] --END-- [ RunTime:0.001000s ]
INFO: [ app_end ] --START--
INFO: Run Behavior\ShowPageTraceBehavior [ RunTime:0.000000s ]
INFO: [ app_end ] --END-- [ RunTime:0.001000s ]

[ 2015-10-23T09:26:36+08:00 ] 127.0.0.1 /my/thinkphp/index.php/Admin/Index/indexLoad
INFO: [ app_begin ] --START--
INFO: Run Behavior\ReadHtmlCacheBehavior [ RunTime:0.001000s ]
INFO: [ app_begin ] --END-- [ RunTime:0.001000s ]
INFO: [ view_parse ] --START--
INFO: [ template_filter ] --START--
INFO: Run Behavior\ContentReplaceBehavior [ RunTime:0.001000s ]
INFO: [ template_filter ] --END-- [ RunTime:0.001000s ]
INFO: Run Behavior\ParseTemplateBehavior [ RunTime:0.006001s ]
INFO: [ view_parse ] --END-- [ RunTime:0.006001s ]
INFO: [ view_filter ] --START--
INFO: Run Behavior\WriteHtmlCacheBehavior [ RunTime:0.001000s ]
INFO: [ view_filter ] --END-- [ RunTime:0.001000s ]
INFO: [ app_end ] --START--
INFO: Run Behavior\ShowPageTraceBehavior [ RunTime:0.000000s ]
INFO: [ app_end ] --END-- [ RunTime:0.001000s ]

[ 2015-10-23T09:26:37+08:00 ] 127.0.0.1 /my/thinkphp/index.php/Admin/Index/indexLoad
INFO: [ app_begin ] --START--
INFO: Run Behavior\ReadHtmlCacheBehavior [ RunTime:0.001000s ]
INFO: [ app_begin ] --END-- [ RunTime:0.001000s ]
INFO: [ view_parse ] --START--
INFO: [ template_filter ] --START--
INFO: Run Behavior\ContentReplaceBehavior [ RunTime:0.000000s ]
INFO: [ template_filter ] --END-- [ RunTime:0.000000s ]
INFO: Run Behavior\ParseTemplateBehavior [ RunTime:0.011001s ]
INFO: [ view_parse ] --END-- [ RunTime:0.012001s ]
INFO: [ view_filter ] --START--
INFO: Run Behavior\WriteHtmlCacheBehavior [ RunTime:0.001000s ]
INFO: [ view_filter ] --END-- [ RunTime:0.001000s ]
INFO: [ app_end ] --START--
INFO: Run Behavior\ShowPageTraceBehavior [ RunTime:0.001000s ]
INFO: [ app_end ] --END-- [ RunTime:0.001000s ]

[ 2015-10-23T09:26:53+08:00 ] 127.0.0.1 /my/thinkphp/index.php/Admin/Index/indexLoad
INFO: [ app_begin ] --START--
INFO: Run Behavior\ReadHtmlCacheBehavior [ RunTime:0.001000s ]
INFO: [ app_begin ] --END-- [ RunTime:0.001000s ]
INFO: [ view_parse ] --START--
INFO: [ template_filter ] --START--
INFO: Run Behavior\ContentReplaceBehavior [ RunTime:0.000000s ]
INFO: [ template_filter ] --END-- [ RunTime:0.000000s ]
INFO: Run Behavior\ParseTemplateBehavior [ RunTime:0.006001s ]
INFO: [ view_parse ] --END-- [ RunTime:0.007001s ]
INFO: [ view_filter ] --START--
INFO: Run Behavior\WriteHtmlCacheBehavior [ RunTime:0.000000s ]
INFO: [ view_filter ] --END-- [ RunTime:0.000000s ]
INFO: [ app_end ] --START--
INFO: Run Behavior\ShowPageTraceBehavior [ RunTime:0.001000s ]
INFO: [ app_end ] --END-- [ RunTime:0.001000s ]

[ 2015-10-23T09:26:54+08:00 ] 127.0.0.1 /my/thinkphp/index.php/Admin/Index/indexLoad
INFO: [ app_begin ] --START--
INFO: Run Behavior\ReadHtmlCacheBehavior [ RunTime:0.000000s ]
INFO: [ app_begin ] --END-- [ RunTime:0.001000s ]
INFO: [ view_parse ] --START--
INFO: [ template_filter ] --START--
INFO: Run Behavior\ContentReplaceBehavior [ RunTime:0.000000s ]
INFO: [ template_filter ] --END-- [ RunTime:0.000000s ]
INFO: Run Behavior\ParseTemplateBehavior [ RunTime:0.007000s ]
INFO: [ view_parse ] --END-- [ RunTime:0.008000s ]
INFO: [ view_filter ] --START--
INFO: Run Behavior\WriteHtmlCacheBehavior [ RunTime:0.000000s ]
INFO: [ view_filter ] --END-- [ RunTime:0.000000s ]
INFO: [ app_end ] --START--
INFO: Run Behavior\ShowPageTraceBehavior [ RunTime:0.001000s ]
INFO: [ app_end ] --END-- [ RunTime:0.001000s ]

[ 2015-10-23T09:26:54+08:00 ] 127.0.0.1 /my/thinkphp/index.php/Admin/Index/indexLoad
INFO: [ app_begin ] --START--
INFO: Run Behavior\ReadHtmlCacheBehavior [ RunTime:0.000000s ]
INFO: [ app_begin ] --END-- [ RunTime:0.001000s ]
INFO: [ view_parse ] --START--
INFO: [ template_filter ] --START--
INFO: Run Behavior\ContentReplaceBehavior [ RunTime:0.000000s ]
INFO: [ template_filter ] --END-- [ RunTime:0.000000s ]
INFO: Run Behavior\ParseTemplateBehavior [ RunTime:0.007001s ]
INFO: [ view_parse ] --END-- [ RunTime:0.007001s ]
INFO: [ view_filter ] --START--
INFO: Run Behavior\WriteHtmlCacheBehavior [ RunTime:0.000000s ]
INFO: [ view_filter ] --END-- [ RunTime:0.000000s ]
INFO: [ app_end ] --START--
INFO: Run Behavior\ShowPageTraceBehavior [ RunTime:0.000000s ]
INFO: [ app_end ] --END-- [ RunTime:0.001000s ]

[ 2015-10-23T09:32:09+08:00 ] 127.0.0.1 /my/thinkphp/index.php/Admin/Index/indexLoad
INFO: [ app_begin ] --START--
INFO: Run Behavior\ReadHtmlCacheBehavior [ RunTime:0.001000s ]
INFO: [ app_begin ] --END-- [ RunTime:0.001000s ]
INFO: [ view_parse ] --START--
INFO: [ template_filter ] --START--
INFO: Run Behavior\ContentReplaceBehavior [ RunTime:0.000000s ]
INFO: [ template_filter ] --END-- [ RunTime:0.000000s ]
INFO: Run Behavior\ParseTemplateBehavior [ RunTime:0.006001s ]
INFO: [ view_parse ] --END-- [ RunTime:0.006001s ]
INFO: [ view_filter ] --START--
INFO: Run Behavior\WriteHtmlCacheBehavior [ RunTime:0.000000s ]
INFO: [ view_filter ] --END-- [ RunTime:0.000000s ]
INFO: [ app_end ] --START--
INFO: Run Behavior\ShowPageTraceBehavior [ RunTime:0.001000s ]
INFO: [ app_end ] --END-- [ RunTime:0.001000s ]

[ 2015-10-23T09:32:10+08:00 ] 127.0.0.1 /my/thinkphp/index.php/Admin/Index/indexLoad
INFO: [ app_begin ] --START--
INFO: Run Behavior\ReadHtmlCacheBehavior [ RunTime:0.000000s ]
INFO: [ app_begin ] --END-- [ RunTime:0.001000s ]
INFO: [ view_parse ] --START--
INFO: [ template_filter ] --START--
INFO: Run Behavior\ContentReplaceBehavior [ RunTime:0.001000s ]
INFO: [ template_filter ] --END-- [ RunTime:0.001000s ]
INFO: Run Behavior\ParseTemplateBehavior [ RunTime:0.006000s ]
INFO: [ view_parse ] --END-- [ RunTime:0.006000s ]
INFO: [ view_filter ] --START--
INFO: Run Behavior\WriteHtmlCacheBehavior [ RunTime:0.000000s ]
INFO: [ view_filter ] --END-- [ RunTime:0.000000s ]
INFO: [ app_end ] --START--
INFO: Run Behavior\ShowPageTraceBehavior [ RunTime:0.000000s ]
INFO: [ app_end ] --END-- [ RunTime:0.000000s ]

[ 2015-10-23T09:34:52+08:00 ] 127.0.0.1 /my/thinkphp/index.php/Admin/Index/indexLoad
INFO: [ app_begin ] --START--
INFO: Run Behavior\ReadHtmlCacheBehavior [ RunTime:0.001000s ]
INFO: [ app_begin ] --END-- [ RunTime:0.001000s ]
INFO: [ view_parse ] --START--
INFO: [ template_filter ] --START--
INFO: Run Behavior\ContentReplaceBehavior [ RunTime:0.000000s ]
INFO: [ template_filter ] --END-- [ RunTime:0.000000s ]
INFO: Run Behavior\ParseTemplateBehavior [ RunTime:0.006000s ]
INFO: [ view_parse ] --END-- [ RunTime:0.007001s ]
INFO: [ view_filter ] --START--
INFO: Run Behavior\WriteHtmlCacheBehavior [ RunTime:0.000000s ]
INFO: [ view_filter ] --END-- [ RunTime:0.000000s ]
INFO: [ app_end ] --START--
INFO: Run Behavior\ShowPageTraceBehavior [ RunTime:0.001000s ]
INFO: [ app_end ] --END-- [ RunTime:0.001000s ]

[ 2015-10-23T10:01:04+08:00 ] 127.0.0.1 /my/thinkphp/index.php/Admin/Index/indexLoad
INFO: [ app_begin ] --START--
INFO: Run Behavior\ReadHtmlCacheBehavior [ RunTime:0.000000s ]
INFO: [ app_begin ] --END-- [ RunTime:0.001000s ]
INFO: [ view_parse ] --START--
INFO: [ template_filter ] --START--
INFO: Run Behavior\ContentReplaceBehavior [ RunTime:0.000000s ]
INFO: [ template_filter ] --END-- [ RunTime:0.000000s ]
INFO: Run Behavior\ParseTemplateBehavior [ RunTime:0.007001s ]
INFO: [ view_parse ] --END-- [ RunTime:0.007001s ]
INFO: [ view_filter ] --START--
INFO: Run Behavior\WriteHtmlCacheBehavior [ RunTime:0.000000s ]
INFO: [ view_filter ] --END-- [ RunTime:0.000000s ]
INFO: [ app_end ] --START--
INFO: Run Behavior\ShowPageTraceBehavior [ RunTime:0.001000s ]
INFO: [ app_end ] --END-- [ RunTime:0.001000s ]

[ 2015-10-23T10:01:04+08:00 ] 127.0.0.1 /my/thinkphp/index.php/Admin/Index/indexLoad
INFO: [ app_begin ] --START--
INFO: Run Behavior\ReadHtmlCacheBehavior [ RunTime:0.001001s ]
INFO: [ app_begin ] --END-- [ RunTime:0.002001s ]
INFO: [ view_parse ] --START--
INFO: [ template_filter ] --START--
INFO: Run Behavior\ContentReplaceBehavior [ RunTime:0.000000s ]
INFO: [ template_filter ] --END-- [ RunTime:0.000000s ]
INFO: Run Behavior\ParseTemplateBehavior [ RunTime:0.006000s ]
INFO: [ view_parse ] --END-- [ RunTime:0.006000s ]
INFO: [ view_filter ] --START--
INFO: Run Behavior\WriteHtmlCacheBehavior [ RunTime:0.001000s ]
INFO: [ view_filter ] --END-- [ RunTime:0.001000s ]
INFO: [ app_end ] --START--
INFO: Run Behavior\ShowPageTraceBehavior [ RunTime:0.001000s ]
INFO: [ app_end ] --END-- [ RunTime:0.001000s ]

[ 2015-10-23T10:01:05+08:00 ] 127.0.0.1 /my/thinkphp/index.php/Admin/Index/indexLoad
INFO: [ app_begin ] --START--
INFO: Run Behavior\ReadHtmlCacheBehavior [ RunTime:0.001000s ]
INFO: [ app_begin ] --END-- [ RunTime:0.001000s ]
INFO: [ view_parse ] --START--
INFO: [ template_filter ] --START--
INFO: Run Behavior\ContentReplaceBehavior [ RunTime:0.000000s ]
INFO: [ template_filter ] --END-- [ RunTime:0.000000s ]
INFO: Run Behavior\ParseTemplateBehavior [ RunTime:0.006000s ]
INFO: [ view_parse ] --END-- [ RunTime:0.007001s ]
INFO: [ view_filter ] --START--
INFO: Run Behavior\WriteHtmlCacheBehavior [ RunTime:0.000000s ]
INFO: [ view_filter ] --END-- [ RunTime:0.000000s ]
INFO: [ app_end ] --START--
INFO: Run Behavior\ShowPageTraceBehavior [ RunTime:0.001000s ]
INFO: [ app_end ] --END-- [ RunTime:0.001000s ]

[ 2015-10-23T10:01:05+08:00 ] 127.0.0.1 /my/thinkphp/index.php/Admin/Index/indexLoad
INFO: [ app_begin ] --START--
INFO: Run Behavior\ReadHtmlCacheBehavior [ RunTime:0.001000s ]
INFO: [ app_begin ] --END-- [ RunTime:0.001000s ]
INFO: [ view_parse ] --START--
INFO: [ template_filter ] --START--
INFO: Run Behavior\ContentReplaceBehavior [ RunTime:0.000000s ]
INFO: [ template_filter ] --END-- [ RunTime:0.000000s ]
INFO: Run Behavior\ParseTemplateBehavior [ RunTime:0.006000s ]
INFO: [ view_parse ] --END-- [ RunTime:0.006000s ]
INFO: [ view_filter ] --START--
INFO: Run Behavior\WriteHtmlCacheBehavior [ RunTime:0.001000s ]
INFO: [ view_filter ] --END-- [ RunTime:0.001000s ]
INFO: [ app_end ] --START--
INFO: Run Behavior\ShowPageTraceBehavior [ RunTime:0.001000s ]
INFO: [ app_end ] --END-- [ RunTime:0.001000s ]

[ 2015-10-23T10:01:06+08:00 ] 127.0.0.1 /my/thinkphp/index.php/Admin/Index/indexLoad
INFO: [ app_begin ] --START--
INFO: Run Behavior\ReadHtmlCacheBehavior [ RunTime:0.001000s ]
INFO: [ app_begin ] --END-- [ RunTime:0.001000s ]
INFO: [ view_parse ] --START--
INFO: [ template_filter ] --START--
INFO: Run Behavior\ContentReplaceBehavior [ RunTime:0.000000s ]
INFO: [ template_filter ] --END-- [ RunTime:0.000000s ]
INFO: Run Behavior\ParseTemplateBehavior [ RunTime:0.009000s ]
INFO: [ view_parse ] --END-- [ RunTime:0.009000s ]
INFO: [ view_filter ] --START--
INFO: Run Behavior\WriteHtmlCacheBehavior [ RunTime:0.000000s ]
INFO: [ view_filter ] --END-- [ RunTime:0.000000s ]
INFO: [ app_end ] --START--
INFO: Run Behavior\ShowPageTraceBehavior [ RunTime:0.000000s ]
INFO: [ app_end ] --END-- [ RunTime:0.001000s ]

[ 2015-10-23T10:17:08+08:00 ] 127.0.0.1 /my/thinkphp/index.php/Admin/Index/indexLoad
INFO: [ app_begin ] --START--
INFO: Run Behavior\ReadHtmlCacheBehavior [ RunTime:0.000000s ]
INFO: [ app_begin ] --END-- [ RunTime:0.001000s ]
INFO: [ view_parse ] --START--
INFO: [ template_filter ] --START--
INFO: Run Behavior\ContentReplaceBehavior [ RunTime:0.000000s ]
INFO: [ template_filter ] --END-- [ RunTime:0.000000s ]
INFO: Run Behavior\ParseTemplateBehavior [ RunTime:0.006000s ]
INFO: [ view_parse ] --END-- [ RunTime:0.006000s ]
INFO: [ view_filter ] --START--
INFO: Run Behavior\WriteHtmlCacheBehavior [ RunTime:0.000000s ]
INFO: [ view_filter ] --END-- [ RunTime:0.000000s ]
INFO: [ app_end ] --START--
INFO: Run Behavior\ShowPageTraceBehavior [ RunTime:0.001000s ]
INFO: [ app_end ] --END-- [ RunTime:0.001000s ]

[ 2015-10-23T10:17:08+08:00 ] 127.0.0.1 /my/thinkphp/index.php/Admin/Index/indexLoad
INFO: [ app_begin ] --START--
INFO: Run Behavior\ReadHtmlCacheBehavior [ RunTime:0.000000s ]
INFO: [ app_begin ] --END-- [ RunTime:0.001000s ]
INFO: [ view_parse ] --START--
INFO: [ template_filter ] --START--
INFO: Run Behavior\ContentReplaceBehavior [ RunTime:0.000000s ]
INFO: [ template_filter ] --END-- [ RunTime:0.000000s ]
INFO: Run Behavior\ParseTemplateBehavior [ RunTime:0.006000s ]
INFO: [ view_parse ] --END-- [ RunTime:0.007000s ]
INFO: [ view_filter ] --START--
INFO: Run Behavior\WriteHtmlCacheBehavior [ RunTime:0.001000s ]
INFO: [ view_filter ] --END-- [ RunTime:0.001000s ]
INFO: [ app_end ] --START--
INFO: Run Behavior\ShowPageTraceBehavior [ RunTime:0.001000s ]
INFO: [ app_end ] --END-- [ RunTime:0.001000s ]

[ 2015-10-23T10:17:09+08:00 ] 127.0.0.1 /my/thinkphp/index.php/Admin/Index/indexLoad
INFO: [ app_begin ] --START--
INFO: Run Behavior\ReadHtmlCacheBehavior [ RunTime:0.001000s ]
INFO: [ app_begin ] --END-- [ RunTime:0.001000s ]
INFO: [ view_parse ] --START--
INFO: [ template_filter ] --START--
INFO: Run Behavior\ContentReplaceBehavior [ RunTime:0.000000s ]
INFO: [ template_filter ] --END-- [ RunTime:0.000000s ]
INFO: Run Behavior\ParseTemplateBehavior [ RunTime:0.007000s ]
INFO: [ view_parse ] --END-- [ RunTime:0.007000s ]
INFO: [ view_filter ] --START--
INFO: Run Behavior\WriteHtmlCacheBehavior [ RunTime:0.000000s ]
INFO: [ view_filter ] --END-- [ RunTime:0.000000s ]
INFO: [ app_end ] --START--
INFO: Run Behavior\ShowPageTraceBehavior [ RunTime:0.001000s ]
INFO: [ app_end ] --END-- [ RunTime:0.001000s ]

[ 2015-10-23T10:17:10+08:00 ] 127.0.0.1 /my/thinkphp/index.php/Admin/Index/indexLoad
INFO: [ app_begin ] --START--
INFO: Run Behavior\ReadHtmlCacheBehavior [ RunTime:0.000000s ]
INFO: [ app_begin ] --END-- [ RunTime:0.001000s ]
INFO: [ view_parse ] --START--
INFO: [ template_filter ] --START--
INFO: Run Behavior\ContentReplaceBehavior [ RunTime:0.001001s ]
INFO: [ template_filter ] --END-- [ RunTime:0.001001s ]
INFO: Run Behavior\ParseTemplateBehavior [ RunTime:0.006001s ]
INFO: [ view_parse ] --END-- [ RunTime:0.006001s ]
INFO: [ view_filter ] --START--
INFO: Run Behavior\WriteHtmlCacheBehavior [ RunTime:0.000000s ]
INFO: [ view_filter ] --END-- [ RunTime:0.000000s ]
INFO: [ app_end ] --START--
INFO: Run Behavior\ShowPageTraceBehavior [ RunTime:0.001000s ]
INFO: [ app_end ] --END-- [ RunTime:0.001000s ]

[ 2015-10-23T10:17:13+08:00 ] 127.0.0.1 /my/thinkphp/index.php/Admin/Index/indexLoad
INFO: [ app_begin ] --START--
INFO: Run Behavior\ReadHtmlCacheBehavior [ RunTime:0.000000s ]
INFO: [ app_begin ] --END-- [ RunTime:0.001001s ]
INFO: [ view_parse ] --START--
INFO: [ template_filter ] --START--
INFO: Run Behavior\ContentReplaceBehavior [ RunTime:0.000000s ]
INFO: [ template_filter ] --END-- [ RunTime:0.000000s ]
INFO: Run Behavior\ParseTemplateBehavior [ RunTime:0.006000s ]
INFO: [ view_parse ] --END-- [ RunTime:0.006000s ]
INFO: [ view_filter ] --START--
INFO: Run Behavior\WriteHtmlCacheBehavior [ RunTime:0.000000s ]
INFO: [ view_filter ] --END-- [ RunTime:0.000000s ]
INFO: [ app_end ] --START--
INFO: Run Behavior\ShowPageTraceBehavior [ RunTime:0.001000s ]
INFO: [ app_end ] --END-- [ RunTime:0.001000s ]

[ 2015-10-23T10:17:13+08:00 ] 127.0.0.1 /my/thinkphp/index.php/Admin/Index/indexLoad
INFO: [ app_begin ] --START--
INFO: Run Behavior\ReadHtmlCacheBehavior [ RunTime:0.001000s ]
INFO: [ app_begin ] --END-- [ RunTime:0.001000s ]
INFO: [ view_parse ] --START--
INFO: [ template_filter ] --START--
INFO: Run Behavior\ContentReplaceBehavior [ RunTime:0.000000s ]
INFO: [ template_filter ] --END-- [ RunTime:0.000000s ]
INFO: Run Behavior\ParseTemplateBehavior [ RunTime:0.006000s ]
INFO: [ view_parse ] --END-- [ RunTime:0.006000s ]
INFO: [ view_filter ] --START--
INFO: Run Behavior\WriteHtmlCacheBehavior [ RunTime:0.001000s ]
INFO: [ view_filter ] --END-- [ RunTime:0.001000s ]
INFO: [ app_end ] --START--
INFO: Run Behavior\ShowPageTraceBehavior [ RunTime:0.000000s ]
INFO: [ app_end ] --END-- [ RunTime:0.000000s ]

[ 2015-10-23T10:23:59+08:00 ] 127.0.0.1 /my/thinkphp/index.php/Admin/Index/indexLoad
INFO: [ app_begin ] --START--
INFO: Run Behavior\ReadHtmlCacheBehavior [ RunTime:0.000000s ]
INFO: [ app_begin ] --END-- [ RunTime:0.001000s ]
INFO: [ view_parse ] --START--
INFO: [ template_filter ] --START--
INFO: Run Behavior\ContentReplaceBehavior [ RunTime:0.000000s ]
INFO: [ template_filter ] --END-- [ RunTime:0.000000s ]
INFO: Run Behavior\ParseTemplateBehavior [ RunTime:0.006001s ]
INFO: [ view_parse ] --END-- [ RunTime:0.006001s ]
INFO: [ view_filter ] --START--
INFO: Run Behavior\WriteHtmlCacheBehavior [ RunTime:0.001000s ]
INFO: [ view_filter ] --END-- [ RunTime:0.001000s ]
INFO: [ app_end ] --START--
INFO: Run Behavior\ShowPageTraceBehavior [ RunTime:0.001000s ]
INFO: [ app_end ] --END-- [ RunTime:0.001000s ]

[ 2015-10-23T10:24:04+08:00 ] 127.0.0.1 /my/thinkphp/index.php/Admin/Menu/index
INFO: [ app_begin ] --START--
INFO: Run Behavior\ReadHtmlCacheBehavior [ RunTime:0.000000s ]
INFO: [ app_begin ] --END-- [ RunTime:0.001000s ]
INFO: [ view_parse ] --START--
INFO: [ template_filter ] --START--
INFO: Run Behavior\ContentReplaceBehavior [ RunTime:0.000000s ]
INFO: [ template_filter ] --END-- [ RunTime:0.000000s ]
INFO: Run Behavior\ParseTemplateBehavior [ RunTime:0.006001s ]
INFO: [ view_parse ] --END-- [ RunTime:0.006001s ]
INFO: [ view_filter ] --START--
INFO: Run Behavior\WriteHtmlCacheBehavior [ RunTime:0.001000s ]
INFO: [ view_filter ] --END-- [ RunTime:0.001000s ]
INFO: [ app_end ] --START--
INFO: Run Behavior\ShowPageTraceBehavior [ RunTime:0.001000s ]
INFO: [ app_end ] --END-- [ RunTime:0.001000s ]

[ 2015-10-23T10:24:06+08:00 ] 127.0.0.1 /my/thinkphp/index.php/Admin/Menu/add
INFO: [ app_begin ] --START--
INFO: Run Behavior\ReadHtmlCacheBehavior [ RunTime:0.001000s ]
INFO: [ app_begin ] --END-- [ RunTime:0.001000s ]
SQL: SHOW COLUMNS FROM `kxw_menu` [ RunTime:0.0180s ]
SQL: SELECT * FROM `kxw_menu` ORDER BY concat(path,id)  [ RunTime:0.0000s ]
INFO: [ view_parse ] --START--
INFO: [ template_filter ] --START--
INFO: Run Behavior\ContentReplaceBehavior [ RunTime:0.000000s ]
INFO: [ template_filter ] --END-- [ RunTime:0.000000s ]
NOTIC: [8] Undefined variable: pid D:\wamp\www\my\Thinkphp\Application\Runtime\Cache\Admin\31553d7bb41170a30982ff9dddd5d67e.php 第 9 行.
NOTIC: [8] Undefined variable: pid D:\wamp\www\my\Thinkphp\Application\Runtime\Cache\Admin\31553d7bb41170a30982ff9dddd5d67e.php 第 9 行.
NOTIC: [8] Undefined variable: pid D:\wamp\www\my\Thinkphp\Application\Runtime\Cache\Admin\31553d7bb41170a30982ff9dddd5d67e.php 第 9 行.
NOTIC: [8] Undefined variable: pid D:\wamp\www\my\Thinkphp\Application\Runtime\Cache\Admin\31553d7bb41170a30982ff9dddd5d67e.php 第 9 行.
NOTIC: [8] Undefined variable: pid D:\wamp\www\my\Thinkphp\Application\Runtime\Cache\Admin\31553d7bb41170a30982ff9dddd5d67e.php 第 9 行.
INFO: Run Behavior\ParseTemplateBehavior [ RunTime:0.009001s ]
INFO: [ view_parse ] --END-- [ RunTime:0.009001s ]
INFO: [ view_filter ] --START--
INFO: Run Behavior\WriteHtmlCacheBehavior [ RunTime:0.001000s ]
INFO: [ view_filter ] --END-- [ RunTime:0.001000s ]
INFO: [ app_end ] --START--
INFO: Run Behavior\ShowPageTraceBehavior [ RunTime:0.000000s ]
INFO: [ app_end ] --END-- [ RunTime:0.000000s ]

[ 2015-10-23T10:43:57+08:00 ] 127.0.0.1 /my/thinkphp/index.php/Admin/Menu/index
INFO: [ app_begin ] --START--
INFO: Run Behavior\ReadHtmlCacheBehavior [ RunTime:0.000000s ]
INFO: [ app_begin ] --END-- [ RunTime:0.001000s ]
INFO: [ view_parse ] --START--
INFO: [ template_filter ] --START--
INFO: Run Behavior\ContentReplaceBehavior [ RunTime:0.000000s ]
INFO: [ template_filter ] --END-- [ RunTime:0.000000s ]
INFO: Run Behavior\ParseTemplateBehavior [ RunTime:0.006001s ]
INFO: [ view_parse ] --END-- [ RunTime:0.006001s ]
INFO: [ view_filter ] --START--
INFO: Run Behavior\WriteHtmlCacheBehavior [ RunTime:0.001000s ]
INFO: [ view_filter ] --END-- [ RunTime:0.001000s ]
INFO: [ app_end ] --START--
INFO: Run Behavior\ShowPageTraceBehavior [ RunTime:0.001000s ]
INFO: [ app_end ] --END-- [ RunTime:0.002000s ]

[ 2015-10-23T10:43:57+08:00 ] 127.0.0.1 /my/thinkphp/index.php/Admin/Menu/add
INFO: [ app_begin ] --START--
INFO: Run Behavior\ReadHtmlCacheBehavior [ RunTime:0.001000s ]
INFO: [ app_begin ] --END-- [ RunTime:0.001000s ]
SQL: SHOW COLUMNS FROM `kxw_menu` [ RunTime:0.0040s ]
SQL: SELECT * FROM `kxw_menu` ORDER BY concat(path,id)  [ RunTime:0.0000s ]
INFO: [ view_parse ] --START--
INFO: [ template_filter ] --START--
INFO: Run Behavior\ContentReplaceBehavior [ RunTime:0.000000s ]
INFO: [ template_filter ] --END-- [ RunTime:0.000000s ]
NOTIC: [8] Undefined variable: pid D:\wamp\www\my\Thinkphp\Application\Runtime\Cache\Admin\31553d7bb41170a30982ff9dddd5d67e.php 第 9 行.
NOTIC: [8] Undefined variable: pid D:\wamp\www\my\Thinkphp\Application\Runtime\Cache\Admin\31553d7bb41170a30982ff9dddd5d67e.php 第 9 行.
NOTIC: [8] Undefined variable: pid D:\wamp\www\my\Thinkphp\Application\Runtime\Cache\Admin\31553d7bb41170a30982ff9dddd5d67e.php 第 9 行.
NOTIC: [8] Undefined variable: pid D:\wamp\www\my\Thinkphp\Application\Runtime\Cache\Admin\31553d7bb41170a30982ff9dddd5d67e.php 第 9 行.
NOTIC: [8] Undefined variable: pid D:\wamp\www\my\Thinkphp\Application\Runtime\Cache\Admin\31553d7bb41170a30982ff9dddd5d67e.php 第 9 行.
INFO: Run Behavior\ParseTemplateBehavior [ RunTime:0.010001s ]
INFO: [ view_parse ] --END-- [ RunTime:0.010001s ]
INFO: [ view_filter ] --START--
INFO: Run Behavior\WriteHtmlCacheBehavior [ RunTime:0.000000s ]
INFO: [ view_filter ] --END-- [ RunTime:0.000000s ]
INFO: [ app_end ] --START--
INFO: Run Behavior\ShowPageTraceBehavior [ RunTime:0.000000s ]
INFO: [ app_end ] --END-- [ RunTime:0.001000s ]

[ 2015-10-23T10:44:39+08:00 ] 127.0.0.1 /my/thinkphp/index.php/Admin/Menu/insert
INFO: [ app_begin ] --START--
INFO: Run Behavior\ReadHtmlCacheBehavior [ RunTime:0.001000s ]
INFO: [ app_begin ] --END-- [ RunTime:0.001000s ]
SQL: SHOW COLUMNS FROM `kxw_menu` [ RunTime:0.0040s ]
SQL: SELECT `path` FROM `kxw_menu` WHERE `id` = 0 LIMIT 1   [ RunTime:0.0860s ]
NOTIC: [2] error_log() expects parameter 1 to be string, array given D:\wamp\www\my\Thinkphp\Application\Admin\Controller\MenuController.class.php 第 28 行.

[ 2015-10-23T10:45:42+08:00 ] 127.0.0.1 /my/thinkphp/index.php/Admin/Menu/add
INFO: [ app_begin ] --START--
INFO: Run Behavior\ReadHtmlCacheBehavior [ RunTime:0.001000s ]
INFO: [ app_begin ] --END-- [ RunTime:0.001000s ]
SQL: SHOW COLUMNS FROM `kxw_menu` [ RunTime:0.0020s ]
SQL: SELECT * FROM `kxw_menu` ORDER BY concat(path,id)  [ RunTime:0.0010s ]
INFO: [ view_parse ] --START--
INFO: [ template_filter ] --START--
INFO: Run Behavior\ContentReplaceBehavior [ RunTime:0.000000s ]
INFO: [ template_filter ] --END-- [ RunTime:0.000000s ]
NOTIC: [8] Undefined variable: pid D:\wamp\www\my\Thinkphp\Application\Runtime\Cache\Admin\31553d7bb41170a30982ff9dddd5d67e.php 第 9 行.
NOTIC: [8] Undefined variable: pid D:\wamp\www\my\Thinkphp\Application\Runtime\Cache\Admin\31553d7bb41170a30982ff9dddd5d67e.php 第 9 行.
NOTIC: [8] Undefined variable: pid D:\wamp\www\my\Thinkphp\Application\Runtime\Cache\Admin\31553d7bb41170a30982ff9dddd5d67e.php 第 9 行.
NOTIC: [8] Undefined variable: pid D:\wamp\www\my\Thinkphp\Application\Runtime\Cache\Admin\31553d7bb41170a30982ff9dddd5d67e.php 第 9 行.
NOTIC: [8] Undefined variable: pid D:\wamp\www\my\Thinkphp\Application\Runtime\Cache\Admin\31553d7bb41170a30982ff9dddd5d67e.php 第 9 行.
INFO: Run Behavior\ParseTemplateBehavior [ RunTime:0.009001s ]
INFO: [ view_parse ] --END-- [ RunTime:0.009001s ]
INFO: [ view_filter ] --START--
INFO: Run Behavior\WriteHtmlCacheBehavior [ RunTime:0.000000s ]
INFO: [ view_filter ] --END-- [ RunTime:0.000000s ]
INFO: [ app_end ] --START--
INFO: Run Behavior\ShowPageTraceBehavior [ RunTime:0.000000s ]
INFO: [ app_end ] --END-- [ RunTime:0.000000s ]

[ 2015-10-23T10:45:56+08:00 ] 127.0.0.1 /my/thinkphp/index.php/Admin/Menu/insert
INFO: [ app_begin ] --START--
INFO: Run Behavior\ReadHtmlCacheBehavior [ RunTime:0.001000s ]
INFO: [ app_begin ] --END-- [ RunTime:0.001000s ]
SQL: SHOW COLUMNS FROM `kxw_menu` [ RunTime:0.0030s ]
SQL: SELECT `path` FROM `kxw_menu` WHERE `id` = 0 LIMIT 1   [ RunTime:0.0000s ]
NOTIC: [2] error_log() expects parameter 1 to be string, array given D:\wamp\www\my\Thinkphp\Application\Admin\Controller\MenuController.class.php 第 28 行.

[ 2015-10-23T10:47:00+08:00 ] 127.0.0.1 /my/thinkphp/index.php/Admin/Menu/add
INFO: [ app_begin ] --START--
INFO: Run Behavior\ReadHtmlCacheBehavior [ RunTime:0.000000s ]
INFO: [ app_begin ] --END-- [ RunTime:0.001000s ]
SQL: SHOW COLUMNS FROM `kxw_menu` [ RunTime:0.0030s ]
SQL: SELECT * FROM `kxw_menu` ORDER BY concat(path,id)  [ RunTime:0.0000s ]
INFO: [ view_parse ] --START--
INFO: [ template_filter ] --START--
INFO: Run Behavior\ContentReplaceBehavior [ RunTime:0.000000s ]
INFO: [ template_filter ] --END-- [ RunTime:0.000000s ]
NOTIC: [8] Undefined variable: pid D:\wamp\www\my\Thinkphp\Application\Runtime\Cache\Admin\31553d7bb41170a30982ff9dddd5d67e.php 第 9 行.
NOTIC: [8] Undefined variable: pid D:\wamp\www\my\Thinkphp\Application\Runtime\Cache\Admin\31553d7bb41170a30982ff9dddd5d67e.php 第 9 行.
NOTIC: [8] Undefined variable: pid D:\wamp\www\my\Thinkphp\Application\Runtime\Cache\Admin\31553d7bb41170a30982ff9dddd5d67e.php 第 9 行.
NOTIC: [8] Undefined variable: pid D:\wamp\www\my\Thinkphp\Application\Runtime\Cache\Admin\31553d7bb41170a30982ff9dddd5d67e.php 第 9 行.
NOTIC: [8] Undefined variable: pid D:\wamp\www\my\Thinkphp\Application\Runtime\Cache\Admin\31553d7bb41170a30982ff9dddd5d67e.php 第 9 行.
INFO: Run Behavior\ParseTemplateBehavior [ RunTime:0.010001s ]
INFO: [ view_parse ] --END-- [ RunTime:0.010001s ]
INFO: [ view_filter ] --START--
INFO: Run Behavior\WriteHtmlCacheBehavior [ RunTime:0.001000s ]
INFO: [ view_filter ] --END-- [ RunTime:0.001000s ]
INFO: [ app_end ] --START--
INFO: Run Behavior\ShowPageTraceBehavior [ RunTime:0.001000s ]
INFO: [ app_end ] --END-- [ RunTime:0.001000s ]

[ 2015-10-23T10:47:45+08:00 ] 127.0.0.1 /my/thinkphp/index.php/Admin/Menu/insert
INFO: [ app_begin ] --START--
INFO: Run Behavior\ReadHtmlCacheBehavior [ RunTime:0.001000s ]
INFO: [ app_begin ] --END-- [ RunTime:0.001000s ]
SQL: SHOW COLUMNS FROM `kxw_menu` [ RunTime:0.0030s ]
SQL: SELECT `path` FROM `kxw_menu` WHERE `id` = 0 LIMIT 1   [ RunTime:0.0000s ]

[ 2015-10-23T10:48:11+08:00 ] 127.0.0.1 /my/thinkphp/index.php/Admin/Menu/add
INFO: [ app_begin ] --START--
INFO: Run Behavior\ReadHtmlCacheBehavior [ RunTime:0.001000s ]
INFO: [ app_begin ] --END-- [ RunTime:0.001000s ]
SQL: SHOW COLUMNS FROM `kxw_menu` [ RunTime:0.0060s ]
SQL: SELECT * FROM `kxw_menu` ORDER BY concat(path,id)  [ RunTime:0.0000s ]
INFO: [ view_parse ] --START--
INFO: [ template_filter ] --START--
INFO: Run Behavior\ContentReplaceBehavior [ RunTime:0.000000s ]
INFO: [ template_filter ] --END-- [ RunTime:0.000000s ]
NOTIC: [8] Undefined variable: pid D:\wamp\www\my\Thinkphp\Application\Runtime\Cache\Admin\31553d7bb41170a30982ff9dddd5d67e.php 第 9 行.
NOTIC: [8] Undefined variable: pid D:\wamp\www\my\Thinkphp\Application\Runtime\Cache\Admin\31553d7bb41170a30982ff9dddd5d67e.php 第 9 行.
NOTIC: [8] Undefined variable: pid D:\wamp\www\my\Thinkphp\Application\Runtime\Cache\Admin\31553d7bb41170a30982ff9dddd5d67e.php 第 9 行.
NOTIC: [8] Undefined variable: pid D:\wamp\www\my\Thinkphp\Application\Runtime\Cache\Admin\31553d7bb41170a30982ff9dddd5d67e.php 第 9 行.
NOTIC: [8] Undefined variable: pid D:\wamp\www\my\Thinkphp\Application\Runtime\Cache\Admin\31553d7bb41170a30982ff9dddd5d67e.php 第 9 行.
INFO: Run Behavior\ParseTemplateBehavior [ RunTime:0.010000s ]
INFO: [ view_parse ] --END-- [ RunTime:0.010000s ]
INFO: [ view_filter ] --START--
INFO: Run Behavior\WriteHtmlCacheBehavior [ RunTime:0.000000s ]
INFO: [ view_filter ] --END-- [ RunTime:0.000000s ]
INFO: [ app_end ] --START--
INFO: Run Behavior\ShowPageTraceBehavior [ RunTime:0.000000s ]
INFO: [ app_end ] --END-- [ RunTime:0.000000s ]

[ 2015-10-23T10:48:26+08:00 ] 127.0.0.1 /my/thinkphp/index.php/Admin/Menu/insert
INFO: [ app_begin ] --START--
INFO: Run Behavior\ReadHtmlCacheBehavior [ RunTime:0.001000s ]
INFO: [ app_begin ] --END-- [ RunTime:0.001000s ]
SQL: SHOW COLUMNS FROM `kxw_menu` [ RunTime:0.0030s ]
SQL: SELECT `path` FROM `kxw_menu` WHERE `id` = 0 LIMIT 1   [ RunTime:0.0000s ]
NOTIC: [8] Undefined index: validate D:\wamp\www\my\Thinkphp\ThinkPHP\Library\Think\Model.class.php 第 1185 行.
NOTIC: [8] Undefined index: auto D:\wamp\www\my\Thinkphp\ThinkPHP\Library\Think\Model.class.php 第 1128 行.
SQL: INSERT INTO `kxw_menu` (`pid`,`app`,`name`,`module`,`controller`,`action`,`data`,`status`,`type`,`path`) VALUES ('0','开心蛙APP','会员管理','Admin','User','index','?a=1','0','0','0,') [ RunTime:0.1630s ]

[ 2015-10-23T10:48:26+08:00 ] 127.0.0.1 /my/thinkphp/index.php/Admin/Menu/add
INFO: [ app_begin ] --START--
INFO: Run Behavior\ReadHtmlCacheBehavior [ RunTime:0.000000s ]
INFO: [ app_begin ] --END-- [ RunTime:0.000000s ]
SQL: SHOW COLUMNS FROM `kxw_menu` [ RunTime:0.0030s ]
SQL: SELECT * FROM `kxw_menu` ORDER BY concat(path,id)  [ RunTime:0.0000s ]
INFO: [ view_parse ] --START--
INFO: [ template_filter ] --START--
INFO: Run Behavior\ContentReplaceBehavior [ RunTime:0.000000s ]
INFO: [ template_filter ] --END-- [ RunTime:0.001000s ]
NOTIC: [8] Undefined variable: pid D:\wamp\www\my\Thinkphp\Application\Runtime\Cache\Admin\31553d7bb41170a30982ff9dddd5d67e.php 第 9 行.
NOTIC: [8] Undefined variable: pid D:\wamp\www\my\Thinkphp\Application\Runtime\Cache\Admin\31553d7bb41170a30982ff9dddd5d67e.php 第 9 行.
NOTIC: [8] Undefined variable: pid D:\wamp\www\my\Thinkphp\Application\Runtime\Cache\Admin\31553d7bb41170a30982ff9dddd5d67e.php 第 9 行.
NOTIC: [8] Undefined variable: pid D:\wamp\www\my\Thinkphp\Application\Runtime\Cache\Admin\31553d7bb41170a30982ff9dddd5d67e.php 第 9 行.
NOTIC: [8] Undefined variable: pid D:\wamp\www\my\Thinkphp\Application\Runtime\Cache\Admin\31553d7bb41170a30982ff9dddd5d67e.php 第 9 行.
NOTIC: [8] Undefined variable: pid D:\wamp\www\my\Thinkphp\Application\Runtime\Cache\Admin\31553d7bb41170a30982ff9dddd5d67e.php 第 9 行.
INFO: Run Behavior\ParseTemplateBehavior [ RunTime:0.008000s ]
INFO: [ view_parse ] --END-- [ RunTime:0.009001s ]
INFO: [ view_filter ] --START--
INFO: Run Behavior\WriteHtmlCacheBehavior [ RunTime:0.000000s ]
INFO: [ view_filter ] --END-- [ RunTime:0.000000s ]
INFO: [ app_end ] --START--
INFO: Run Behavior\ShowPageTraceBehavior [ RunTime:0.001000s ]
INFO: [ app_end ] --END-- [ RunTime:0.001000s ]

[ 2015-10-23T10:49:27+08:00 ] 127.0.0.1 /my/thinkphp/index.php/Admin/Menu/insert
INFO: [ app_begin ] --START--
INFO: Run Behavior\ReadHtmlCacheBehavior [ RunTime:0.001000s ]
INFO: [ app_begin ] --END-- [ RunTime:0.001000s ]
SQL: SHOW COLUMNS FROM `kxw_menu` [ RunTime:0.0030s ]
SQL: SELECT `path` FROM `kxw_menu` WHERE `id` = '591' LIMIT 1   [ RunTime:0.0200s ]
NOTIC: [8] Undefined index: validate D:\wamp\www\my\Thinkphp\ThinkPHP\Library\Think\Model.class.php 第 1185 行.
NOTIC: [8] Undefined index: auto D:\wamp\www\my\Thinkphp\ThinkPHP\Library\Think\Model.class.php 第 1128 行.
SQL: INSERT INTO `kxw_menu` (`pid`,`app`,`name`,`module`,`controller`,`action`,`data`,`status`,`type`,`path`) VALUES ('591','开心蛙APP','查看会员','Admin','User','add','?a=1','0','0','0,591,') [ RunTime:0.0010s ]

[ 2015-10-23T10:49:27+08:00 ] 127.0.0.1 /my/thinkphp/index.php/Admin/Menu/add
INFO: [ app_begin ] --START--
INFO: Run Behavior\ReadHtmlCacheBehavior [ RunTime:0.000000s ]
INFO: [ app_begin ] --END-- [ RunTime:0.001000s ]
SQL: SHOW COLUMNS FROM `kxw_menu` [ RunTime:0.0020s ]
SQL: SELECT * FROM `kxw_menu` ORDER BY concat(path,id)  [ RunTime:0.0000s ]
INFO: [ view_parse ] --START--
INFO: [ template_filter ] --START--
INFO: Run Behavior\ContentReplaceBehavior [ RunTime:0.000000s ]
INFO: [ template_filter ] --END-- [ RunTime:0.000000s ]
NOTIC: [8] Undefined variable: pid D:\wamp\www\my\Thinkphp\Application\Runtime\Cache\Admin\31553d7bb41170a30982ff9dddd5d67e.php 第 9 行.
NOTIC: [8] Undefined variable: pid D:\wamp\www\my\Thinkphp\Application\Runtime\Cache\Admin\31553d7bb41170a30982ff9dddd5d67e.php 第 9 行.
NOTIC: [8] Undefined variable: pid D:\wamp\www\my\Thinkphp\Application\Runtime\Cache\Admin\31553d7bb41170a30982ff9dddd5d67e.php 第 9 行.
NOTIC: [8] Undefined variable: pid D:\wamp\www\my\Thinkphp\Application\Runtime\Cache\Admin\31553d7bb41170a30982ff9dddd5d67e.php 第 9 行.
NOTIC: [8] Undefined variable: pid D:\wamp\www\my\Thinkphp\Application\Runtime\Cache\Admin\31553d7bb41170a30982ff9dddd5d67e.php 第 9 行.
NOTIC: [8] Undefined variable: pid D:\wamp\www\my\Thinkphp\Application\Runtime\Cache\Admin\31553d7bb41170a30982ff9dddd5d67e.php 第 9 行.
NOTIC: [8] Undefined variable: pid D:\wamp\www\my\Thinkphp\Application\Runtime\Cache\Admin\31553d7bb41170a30982ff9dddd5d67e.php 第 9 行.
INFO: Run Behavior\ParseTemplateBehavior [ RunTime:0.010001s ]
INFO: [ view_parse ] --END-- [ RunTime:0.010001s ]
INFO: [ view_filter ] --START--
INFO: Run Behavior\WriteHtmlCacheBehavior [ RunTime:0.001000s ]
INFO: [ view_filter ] --END-- [ RunTime:0.001000s ]
INFO: [ app_end ] --START--
INFO: Run Behavior\ShowPageTraceBehavior [ RunTime:0.001000s ]
INFO: [ app_end ] --END-- [ RunTime:0.001000s ]

